<?xml version="1.0" encoding="UTF-8"?>
<testng-results skipped="0" failed="0" total="1" passed="1">
  <reporter-output>
  </reporter-output>
  <suite name="Suite1" duration-ms="11846" started-at="2019-09-29T05:31:34Z" finished-at="2019-09-29T05:31:46Z">
    <groups>
    </groups>
    <test name="Test1" duration-ms="11846" started-at="2019-09-29T05:31:34Z" finished-at="2019-09-29T05:31:46Z">
      <class name="tests1.NewTest1">
        <test-method status="PASS" signature="beforeClass()[pri:0, instance:tests1.NewTest1@dfd3711]" name="beforeClass" is-config="true" duration-ms="3337" started-at="2019-09-29T12:31:34Z" finished-at="2019-09-29T12:31:38Z">
          <reporter-output>
          </reporter-output>
        </test-method> <!-- beforeClass -->
        <test-method status="PASS" signature="openMyBlog()[pri:0, instance:tests1.NewTest1@dfd3711]" name="openMyBlog" duration-ms="5671" started-at="2019-09-29T12:31:38Z" finished-at="2019-09-29T12:31:43Z">
          <reporter-output>
          </reporter-output>
        </test-method> <!-- openMyBlog -->
        <test-method status="PASS" signature="afterClass()[pri:0, instance:tests1.NewTest1@dfd3711]" name="afterClass" is-config="true" duration-ms="2822" started-at="2019-09-29T12:31:43Z" finished-at="2019-09-29T12:31:46Z">
          <reporter-output>
          </reporter-output>
        </test-method> <!-- afterClass -->
      </class> <!-- tests1.NewTest1 -->
    </test> <!-- Test1 -->
  </suite> <!-- Suite1 -->
</testng-results>
